<?xml version="1.0" encoding="UTF-8" ?>
<testsuite failures="0" time="0.204" errors="0" skipped="0" tests="1" name="com.pahlsoft.test.ws.megaevent.service.MegaEventServicesTest">
  <properties>
    <property name="java.runtime.name" value="Java(TM) SE Runtime Environment"/>
    <property name="sun.boot.library.path" value="C:\Program Files\Java\jdk1.7.0_05\jre\bin"/>
    <property name="java.vm.version" value="23.1-b03"/>
    <property name="java.vm.vendor" value="Oracle Corporation"/>
    <property name="java.vendor.url" value="http://java.oracle.com/"/>
    <property name="path.separator" value=";"/>
    <property name="java.vm.name" value="Java HotSpot(TM) 64-Bit Server VM"/>
    <property name="file.encoding.pkg" value="sun.io"/>
    <property name="user.script" value=""/>
    <property name="user.country" value="US"/>
    <property name="sun.java.launcher" value="SUN_STANDARD"/>
    <property name="sun.os.patch.level" value="Service Pack 1"/>
    <property name="java.vm.specification.name" value="Java Virtual Machine Specification"/>
    <property name="user.dir" value="C:\Users\aj_pahl\Desktop\Development\workspace-INDIGO\mega-event-services"/>
    <property name="java.runtime.version" value="1.7.0_05-b05"/>
    <property name="java.awt.graphicsenv" value="sun.awt.Win32GraphicsEnvironment"/>
    <property name="basedir" value="C:\Users\aj_pahl\Desktop\Development\workspace-INDIGO\mega-event-services"/>
    <property name="java.endorsed.dirs" value="C:\Program Files\Java\jdk1.7.0_05\jre\lib\endorsed"/>
    <property name="os.arch" value="amd64"/>
    <property name="surefire.real.class.path" value="C:\Users\aj_pahl\Desktop\Development\workspace-INDIGO\mega-event-services\target\surefire\surefirebooter989327959739354391.jar"/>
    <property name="java.io.tmpdir" value="C:\Users\aj_pahl\AppData\Local\Temp\"/>
    <property name="line.separator" value="
"/>
    <property name="java.vm.specification.vendor" value="Oracle Corporation"/>
    <property name="user.variant" value=""/>
    <property name="os.name" value="Windows 7"/>
    <property name="sun.jnu.encoding" value="Cp1252"/>
    <property name="java.library.path" value="C:\Program Files\Java\jdk1.7.0_05\jre\bin;C:\Windows\Sun\Java\bin;C:\Windows\system32;C:\Windows;C:\Program Files (x86)\NVIDIA Corporation\PhysX\Common;C:\Program Files\Common Files\Microsoft Shared\Windows Live;C:\Program Files (x86)\Common Files\Microsoft Shared\Windows Live;C:\Windows\system32;C:\Windows;C:\Windows\System32\Wbem;C:\Windows\System32\WindowsPowerShell\v1.0\;C:\Program Files (x86)\Windows Live\Shared;C:\Program Files\TortoiseSVN\bin;C:\Program Files (x86)\GTK2-Runtime\bin;C:\Program Files\TortoiseGit\bin;C:\Program Files (x86)\QuickTime\QTSystem\;."/>
    <property name="surefire.test.class.path" value="C:\Users\aj_pahl\Desktop\Development\workspace-INDIGO\mega-event-services\target\test-classes;C:\Users\aj_pahl\Desktop\Development\workspace-INDIGO\mega-event-services\target\classes;C:\Users\aj_pahl\.m2\repository\org\springframework\spring-core\3.1.2.RELEASE\spring-core-3.1.2.RELEASE.jar;C:\Users\aj_pahl\.m2\repository\org\springframework\spring-asm\3.1.2.RELEASE\spring-asm-3.1.2.RELEASE.jar;C:\Users\aj_pahl\.m2\repository\commons-logging\commons-logging\1.1.1\commons-logging-1.1.1.jar;C:\Users\aj_pahl\.m2\repository\org\springframework\spring-beans\3.1.2.RELEASE\spring-beans-3.1.2.RELEASE.jar;C:\Users\aj_pahl\.m2\repository\org\springframework\spring-context\3.1.2.RELEASE\spring-context-3.1.2.RELEASE.jar;C:\Users\aj_pahl\.m2\repository\org\springframework\spring-aop\3.1.2.RELEASE\spring-aop-3.1.2.RELEASE.jar;C:\Users\aj_pahl\.m2\repository\org\springframework\spring-expression\3.1.2.RELEASE\spring-expression-3.1.2.RELEASE.jar;C:\Users\aj_pahl\.m2\repository\org\springframework\spring-context-support\3.1.2.RELEASE\spring-context-support-3.1.2.RELEASE.jar;C:\Users\aj_pahl\.m2\repository\org\springframework\spring-jdbc\3.1.2.RELEASE\spring-jdbc-3.1.2.RELEASE.jar;C:\Users\aj_pahl\.m2\repository\org\springframework\spring-tx\3.1.2.RELEASE\spring-tx-3.1.2.RELEASE.jar;C:\Users\aj_pahl\.m2\repository\org\springframework\spring-web\3.1.2.RELEASE\spring-web-3.1.2.RELEASE.jar;C:\Users\aj_pahl\.m2\repository\aopalliance\aopalliance\1.0\aopalliance-1.0.jar;C:\Users\aj_pahl\.m2\repository\commons-lang\commons-lang\2.6\commons-lang-2.6.jar;C:\Users\aj_pahl\.m2\repository\org\jasypt\jasypt\1.8\jasypt-1.8.jar;C:\Users\aj_pahl\.m2\repository\log4j\log4j\1.2.15\log4j-1.2.15.jar;C:\Users\aj_pahl\.m2\repository\javax\mail\mail\1.4\mail-1.4.jar;C:\Users\aj_pahl\.m2\repository\javax\xml\bind\jaxb-api\2.0\jaxb-api-2.0.jar;C:\Users\aj_pahl\.m2\repository\javax\xml\bind\jsr173_api\1.0\jsr173_api-1.0.jar;C:\Users\aj_pahl\.m2\repository\javax\activation\activation\1.1\activation-1.1.jar;C:\Users\aj_pahl\.m2\repository\mysql\mysql-connector-java\5.1.18\mysql-connector-java-5.1.18.jar;C:\Users\aj_pahl\.m2\repository\junit\junit\4.10\junit-4.10.jar;C:\Users\aj_pahl\.m2\repository\org\hamcrest\hamcrest-core\1.1\hamcrest-core-1.1.jar;"/>
    <property name="java.specification.name" value="Java Platform API Specification"/>
    <property name="java.class.version" value="51.0"/>
    <property name="sun.management.compiler" value="HotSpot 64-Bit Tiered Compilers"/>
    <property name="os.version" value="6.1"/>
    <property name="user.home" value="C:\Users\aj_pahl"/>
    <property name="user.timezone" value=""/>
    <property name="java.awt.printerjob" value="sun.awt.windows.WPrinterJob"/>
    <property name="java.specification.version" value="1.7"/>
    <property name="file.encoding" value="Cp1252"/>
    <property name="user.name" value="aj_pahl"/>
    <property name="java.class.path" value="C:\Users\aj_pahl\Desktop\Development\workspace-INDIGO\mega-event-services\target\test-classes;C:\Users\aj_pahl\Desktop\Development\workspace-INDIGO\mega-event-services\target\classes;C:\Users\aj_pahl\.m2\repository\org\springframework\spring-core\3.1.2.RELEASE\spring-core-3.1.2.RELEASE.jar;C:\Users\aj_pahl\.m2\repository\org\springframework\spring-asm\3.1.2.RELEASE\spring-asm-3.1.2.RELEASE.jar;C:\Users\aj_pahl\.m2\repository\commons-logging\commons-logging\1.1.1\commons-logging-1.1.1.jar;C:\Users\aj_pahl\.m2\repository\org\springframework\spring-beans\3.1.2.RELEASE\spring-beans-3.1.2.RELEASE.jar;C:\Users\aj_pahl\.m2\repository\org\springframework\spring-context\3.1.2.RELEASE\spring-context-3.1.2.RELEASE.jar;C:\Users\aj_pahl\.m2\repository\org\springframework\spring-aop\3.1.2.RELEASE\spring-aop-3.1.2.RELEASE.jar;C:\Users\aj_pahl\.m2\repository\org\springframework\spring-expression\3.1.2.RELEASE\spring-expression-3.1.2.RELEASE.jar;C:\Users\aj_pahl\.m2\repository\org\springframework\spring-context-support\3.1.2.RELEASE\spring-context-support-3.1.2.RELEASE.jar;C:\Users\aj_pahl\.m2\repository\org\springframework\spring-jdbc\3.1.2.RELEASE\spring-jdbc-3.1.2.RELEASE.jar;C:\Users\aj_pahl\.m2\repository\org\springframework\spring-tx\3.1.2.RELEASE\spring-tx-3.1.2.RELEASE.jar;C:\Users\aj_pahl\.m2\repository\org\springframework\spring-web\3.1.2.RELEASE\spring-web-3.1.2.RELEASE.jar;C:\Users\aj_pahl\.m2\repository\aopalliance\aopalliance\1.0\aopalliance-1.0.jar;C:\Users\aj_pahl\.m2\repository\commons-lang\commons-lang\2.6\commons-lang-2.6.jar;C:\Users\aj_pahl\.m2\repository\org\jasypt\jasypt\1.8\jasypt-1.8.jar;C:\Users\aj_pahl\.m2\repository\log4j\log4j\1.2.15\log4j-1.2.15.jar;C:\Users\aj_pahl\.m2\repository\javax\mail\mail\1.4\mail-1.4.jar;C:\Users\aj_pahl\.m2\repository\javax\xml\bind\jaxb-api\2.0\jaxb-api-2.0.jar;C:\Users\aj_pahl\.m2\repository\javax\xml\bind\jsr173_api\1.0\jsr173_api-1.0.jar;C:\Users\aj_pahl\.m2\repository\javax\activation\activation\1.1\activation-1.1.jar;C:\Users\aj_pahl\.m2\repository\mysql\mysql-connector-java\5.1.18\mysql-connector-java-5.1.18.jar;C:\Users\aj_pahl\.m2\repository\junit\junit\4.10\junit-4.10.jar;C:\Users\aj_pahl\.m2\repository\org\hamcrest\hamcrest-core\1.1\hamcrest-core-1.1.jar;"/>
    <property name="java.vm.specification.version" value="1.7"/>
    <property name="sun.arch.data.model" value="64"/>
    <property name="java.home" value="C:\Program Files\Java\jdk1.7.0_05\jre"/>
    <property name="sun.java.command" value="C:\Users\aj_pahl\Desktop\Development\workspace-INDIGO\mega-event-services\target\surefire\surefirebooter989327959739354391.jar C:\Users\aj_pahl\Desktop\Development\workspace-INDIGO\mega-event-services\target\surefire\surefire4044672337110227496tmp C:\Users\aj_pahl\Desktop\Development\workspace-INDIGO\mega-event-services\target\surefire\surefire6615473954606318267tmp"/>
    <property name="java.specification.vendor" value="Oracle Corporation"/>
    <property name="user.language" value="en"/>
    <property name="awt.toolkit" value="sun.awt.windows.WToolkit"/>
    <property name="java.vm.info" value="mixed mode"/>
    <property name="java.version" value="1.7.0_05"/>
    <property name="java.ext.dirs" value="C:\Program Files\Java\jdk1.7.0_05\jre\lib\ext;C:\Windows\Sun\Java\lib\ext"/>
    <property name="sun.boot.class.path" value="C:\Program Files\Java\jdk1.7.0_05\jre\lib\resources.jar;C:\Program Files\Java\jdk1.7.0_05\jre\lib\rt.jar;C:\Program Files\Java\jdk1.7.0_05\jre\lib\sunrsasign.jar;C:\Program Files\Java\jdk1.7.0_05\jre\lib\jsse.jar;C:\Program Files\Java\jdk1.7.0_05\jre\lib\jce.jar;C:\Program Files\Java\jdk1.7.0_05\jre\lib\charsets.jar;C:\Program Files\Java\jdk1.7.0_05\jre\lib\jfr.jar;C:\Program Files\Java\jdk1.7.0_05\jre\classes"/>
    <property name="java.vendor" value="Oracle Corporation"/>
    <property name="localRepository" value="C:\Users\aj_pahl\.m2\repository"/>
    <property name="file.separator" value="\"/>
    <property name="java.vendor.url.bug" value="http://bugreport.sun.com/bugreport/"/>
    <property name="sun.cpu.endian" value="little"/>
    <property name="sun.io.unicode.encoding" value="UnicodeLittle"/>
    <property name="sun.desktop" value="windows"/>
    <property name="sun.cpu.isalist" value="amd64"/>
  </properties>
  <testcase time="0.147" classname="com.pahlsoft.test.ws.megaevent.service.MegaEventServicesTest" name="basicTestThatDoesNothing"/>
</testsuite>